{"D:\\PROJECTS\\PLURALSIGHT\\cryptoproject\\src\\services\\constants.ts": {"path":"D:\\PROJECTS\\PLURALSIGHT\\cryptoproject\\src\\services\\constants.ts","statementMap":{"0":{"start":{"line":1,"column":13},"end":{"line":5,"column":2}},"1":{"start":{"line":7,"column":13},"end":{"line":28,"column":2}},"2":{"start":{"line":30,"column":13},"end":{"line":39,"column":2}},"3":{"start":{"line":41,"column":13},"end":{"line":74,"column":2}},"4":{"start":{"line":76,"column":13},"end":{"line":77,"column":62}},"5":{"start":{"line":79,"column":13},"end":{"line":268,"column":2}}},"fnMap":{},"branchMap":{},"s":{"0":1,"1":1,"2":1,"3":1,"4":1,"5":1},"f":{},"b":{}}
,"D:\\PROJECTS\\PLURALSIGHT\\cryptoproject\\src\\services\\slices\\coinsSlice.ts": {"path":"D:\\PROJECTS\\PLURALSIGHT\\cryptoproject\\src\\services\\slices\\coinsSlice.ts","statementMap":{"0":{"start":{"line":1,"column":0},"end":{"line":1,"column":65}},"1":{"start":{"line":5,"column":0},"end":{"line":5,"column":43}},"2":{"start":{"line":6,"column":0},"end":{"line":6,"column":34}},"3":{"start":{"line":8,"column":13},"end":{"line":28,"column":2}},"4":{"start":{"line":10,"column":26},"end":{"line":27,"column":null}},"5":{"start":{"line":11,"column":22},"end":{"line":11,"column":54}},"6":{"start":{"line":12,"column":53},"end":{"line":12,"column":75}},"7":{"start":{"line":13,"column":23},"end":{"line":20,"column":10}},"8":{"start":{"line":21,"column":8},"end":{"line":26,"column":null}},"9":{"start":{"line":22,"column":29},"end":{"line":22,"column":73}},"10":{"start":{"line":23,"column":12},"end":{"line":23,"column":38}},"11":{"start":{"line":25,"column":12},"end":{"line":25,"column":23}},"12":{"start":{"line":41,"column":13},"end":{"line":50,"column":2}},"13":{"start":{"line":52,"column":13},"end":{"line":89,"column":3}},"14":{"start":{"line":57,"column":12},"end":{"line":57,"column":29}},"15":{"start":{"line":58,"column":12},"end":{"line":58,"column":42}},"16":{"start":{"line":61,"column":12},"end":{"line":61,"column":29}},"17":{"start":{"line":62,"column":12},"end":{"line":62,"column":45}},"18":{"start":{"line":65,"column":12},"end":{"line":65,"column":29}},"19":{"start":{"line":66,"column":12},"end":{"line":66,"column":41}},"20":{"start":{"line":69,"column":12},"end":{"line":69,"column":31}},"21":{"start":{"line":73,"column":8},"end":{"line":87,"column":15}},"22":{"start":{"line":75,"column":16},"end":{"line":75,"column":56}},"23":{"start":{"line":78,"column":16},"end":{"line":78,"column":58}},"24":{"start":{"line":79,"column":16},"end":{"line":81,"column":80}},"25":{"start":{"line":82,"column":16},"end":{"line":82,"column":57}},"26":{"start":{"line":85,"column":16},"end":{"line":85,"column":55}},"27":{"start":{"line":86,"column":16},"end":{"line":86,"column":52}},"28":{"start":{"line":91,"column":13},"end":{"line":91,"column":null}}},"fnMap":{"0":{"name":"(anonymous_7)","decl":{"start":{"line":10,"column":4},"end":{"line":10,"column":11}},"loc":{"start":{"line":10,"column":26},"end":{"line":27,"column":null}}},"1":{"name":"(anonymous_8)","decl":{"start":{"line":10,"column":26},"end":{"line":10,"column":null}},"loc":{"start":{"line":10,"column":26},"end":{"line":27,"column":5}}},"2":{"name":"(anonymous_9)","decl":{"start":{"line":56,"column":19},"end":{"line":56,"column":20}},"loc":{"start":{"line":56,"column":37},"end":{"line":59,"column":9}}},"3":{"name":"(anonymous_10)","decl":{"start":{"line":60,"column":22},"end":{"line":60,"column":23}},"loc":{"start":{"line":60,"column":40},"end":{"line":63,"column":9}}},"4":{"name":"(anonymous_11)","decl":{"start":{"line":64,"column":18},"end":{"line":64,"column":19}},"loc":{"start":{"line":64,"column":36},"end":{"line":67,"column":9}}},"5":{"name":"(anonymous_12)","decl":{"start":{"line":68,"column":17},"end":{"line":68,"column":18}},"loc":{"start":{"line":68,"column":27},"end":{"line":70,"column":9}}},"6":{"name":"(anonymous_13)","decl":{"start":{"line":72,"column":4},"end":{"line":72,"column":17}},"loc":{"start":{"line":72,"column":25},"end":{"line":88,"column":5}}},"7":{"name":"(anonymous_14)","decl":{"start":{"line":74,"column":52},"end":{"line":74,"column":53}},"loc":{"start":{"line":74,"column":62},"end":{"line":76,"column":13}}},"8":{"name":"(anonymous_15)","decl":{"start":{"line":77,"column":54},"end":{"line":77,"column":55}},"loc":{"start":{"line":77,"column":72},"end":{"line":83,"column":13}}},"9":{"name":"(anonymous_16)","decl":{"start":{"line":84,"column":53},"end":{"line":84,"column":54}},"loc":{"start":{"line":84,"column":71},"end":{"line":87,"column":13}}}},"branchMap":{"0":{"loc":{"start":{"line":79,"column":16},"end":{"line":81,"column":79}},"type":"cond-expr","locations":[{"start":{"line":80,"column":23},"end":{"line":80,"column":57}},{"start":{"line":81,"column":23},"end":{"line":81,"column":78}}]}},"s":{"0":1,"1":1,"2":1,"3":1,"4":0,"5":0,"6":0,"7":0,"8":0,"9":0,"10":0,"11":0,"12":1,"13":1,"14":1,"15":1,"16":1,"17":1,"18":1,"19":1,"20":1,"21":1,"22":0,"23":0,"24":0,"25":0,"26":0,"27":0,"28":1},"f":{"0":0,"1":0,"2":1,"3":1,"4":1,"5":1,"6":1,"7":0,"8":0,"9":0},"b":{"0":[0,0]}}
}
