{"D:\\PROJECTS\\PLURALSIGHT\\cryptoproject\\src\\services\\constants.ts": {"path":"D:\\PROJECTS\\PLURALSIGHT\\cryptoproject\\src\\services\\constants.ts","statementMap":{"0":{"start":{"line":1,"column":13},"end":{"line":5,"column":2}},"1":{"start":{"line":7,"column":13},"end":{"line":28,"column":2}},"2":{"start":{"line":30,"column":13},"end":{"line":39,"column":2}},"3":{"start":{"line":41,"column":13},"end":{"line":74,"column":2}},"4":{"start":{"line":76,"column":13},"end":{"line":77,"column":62}},"5":{"start":{"line":79,"column":13},"end":{"line":268,"column":2}}},"fnMap":{},"branchMap":{},"s":{"0":1,"1":1,"2":1,"3":1,"4":1,"5":1},"f":{},"b":{}}
,"D:\\PROJECTS\\PLURALSIGHT\\cryptoproject\\src\\services\\slices\\top10coinsSlice.ts": {"path":"D:\\PROJECTS\\PLURALSIGHT\\cryptoproject\\src\\services\\slices\\top10coinsSlice.ts","statementMap":{"0":{"start":{"line":1,"column":0},"end":{"line":1,"column":65}},"1":{"start":{"line":3,"column":0},"end":{"line":3,"column":34}},"2":{"start":{"line":4,"column":0},"end":{"line":4,"column":43}},"3":{"start":{"line":6,"column":13},"end":{"line":16,"column":2}},"4":{"start":{"line":8,"column":15},"end":{"line":15,"column":null}},"5":{"start":{"line":9,"column":8},"end":{"line":14,"column":null}},"6":{"start":{"line":10,"column":29},"end":{"line":10,"column":69}},"7":{"start":{"line":11,"column":12},"end":{"line":11,"column":44}},"8":{"start":{"line":13,"column":12},"end":{"line":13,"column":23}},"9":{"start":{"line":24,"column":13},"end":{"line":28,"column":2}},"10":{"start":{"line":30,"column":13},"end":{"line":48,"column":3}},"11":{"start":{"line":35,"column":8},"end":{"line":46,"column":15}},"12":{"start":{"line":37,"column":16},"end":{"line":37,"column":56}},"13":{"start":{"line":40,"column":16},"end":{"line":40,"column":58}},"14":{"start":{"line":41,"column":16},"end":{"line":41,"column":50}},"15":{"start":{"line":44,"column":16},"end":{"line":44,"column":55}},"16":{"start":{"line":45,"column":16},"end":{"line":45,"column":52}}},"fnMap":{"0":{"name":"(anonymous_7)","decl":{"start":{"line":8,"column":4},"end":{"line":8,"column":13}},"loc":{"start":{"line":8,"column":15},"end":{"line":15,"column":null}}},"1":{"name":"(anonymous_8)","decl":{"start":{"line":8,"column":15},"end":{"line":8,"column":null}},"loc":{"start":{"line":8,"column":15},"end":{"line":15,"column":5}}},"2":{"name":"(anonymous_9)","decl":{"start":{"line":34,"column":4},"end":{"line":34,"column":17}},"loc":{"start":{"line":34,"column":25},"end":{"line":47,"column":5}}},"3":{"name":"(anonymous_10)","decl":{"start":{"line":36,"column":46},"end":{"line":36,"column":47}},"loc":{"start":{"line":36,"column":56},"end":{"line":38,"column":13}}},"4":{"name":"(anonymous_11)","decl":{"start":{"line":39,"column":48},"end":{"line":39,"column":49}},"loc":{"start":{"line":39,"column":66},"end":{"line":42,"column":13}}},"5":{"name":"(anonymous_12)","decl":{"start":{"line":43,"column":47},"end":{"line":43,"column":48}},"loc":{"start":{"line":43,"column":65},"end":{"line":46,"column":13}}}},"branchMap":{},"s":{"0":1,"1":1,"2":1,"3":1,"4":1,"5":1,"6":1,"7":0,"8":1,"9":1,"10":1,"11":0,"12":0,"13":0,"14":0,"15":0,"16":0},"f":{"0":1,"1":1,"2":0,"3":0,"4":0,"5":0},"b":{}}
}
