TN:
SF:src\services\constants.ts
FNF:0
FNH:0
DA:1,1
DA:7,1
DA:30,1
DA:41,1
DA:76,1
DA:79,1
LF:6
LH:6
BRF:0
BRH:0
end_of_record
TN:
SF:src\services\slices\coinsSlice.ts
FN:10,(anonymous_7)
FN:10,(anonymous_8)
FN:56,(anonymous_9)
FN:60,(anonymous_10)
FN:64,(anonymous_11)
FN:68,(anonymous_12)
FN:72,(anonymous_13)
FN:74,(anonymous_14)
FN:77,(anonymous_15)
FN:84,(anonymous_16)
FNF:10
FNH:5
FNDA:0,(anonymous_7)
FNDA:0,(anonymous_8)
FNDA:1,(anonymous_9)
FNDA:1,(anonymous_10)
FNDA:1,(anonymous_11)
FNDA:1,(anonymous_12)
FNDA:1,(anonymous_13)
FNDA:0,(anonymous_14)
FNDA:0,(anonymous_15)
FNDA:0,(anonymous_16)
DA:1,1
DA:5,1
DA:6,1
DA:8,1
DA:10,0
DA:11,0
DA:12,0
DA:13,0
DA:21,0
DA:22,0
DA:23,0
DA:25,0
DA:41,1
DA:52,1
DA:57,1
DA:58,1
DA:61,1
DA:62,1
DA:65,1
DA:66,1
DA:69,1
DA:73,1
DA:75,0
DA:78,0
DA:79,0
DA:82,0
DA:85,0
DA:86,0
DA:91,1
LF:29
LH:15
BRDA:79,0,0,0
BRDA:79,0,1,0
BRF:2
BRH:0
end_of_record
