TN:
SF:src\services\constants.ts
FNF:0
FNH:0
DA:1,1
DA:7,1
DA:30,1
DA:41,1
DA:76,1
DA:79,1
LF:6
LH:6
BRF:0
BRH:0
end_of_record
TN:
SF:src\services\slices\top10coinsSlice.ts
FN:8,(anonymous_7)
FN:8,(anonymous_8)
FN:34,(anonymous_9)
FN:36,(anonymous_10)
FN:39,(anonymous_11)
FN:43,(anonymous_12)
FNF:6
FNH:2
FNDA:1,(anonymous_7)
FNDA:1,(anonymous_8)
FNDA:0,(anonymous_9)
FNDA:0,(anonymous_10)
FNDA:0,(anonymous_11)
FNDA:0,(anonymous_12)
DA:1,1
DA:3,1
DA:4,1
DA:6,1
DA:8,1
DA:9,1
DA:10,1
DA:11,0
DA:13,1
DA:24,1
DA:30,1
DA:35,0
DA:37,0
DA:40,0
DA:41,0
DA:44,0
DA:45,0
LF:17
LH:10
BRF:0
BRH:0
end_of_record
